<?xml version="1.0" encoding="UTF-8"?>
<testsuite xmlns:xsi="http://www.w3.org/2001/XMLSchema-instance" xsi:noNamespaceSchemaLocation="https://maven.apache.org/surefire/maven-surefire-plugin/xsd/surefire-test-report.xsd" name="org.example.apitests.courier.LoginCourierTests" time="1.752" tests="6" errors="0" skipped="0" failures="0">
  <properties>
[...]
</properties>
  <testcase name="loginCourierMissingPasswordParamIsFailed" classname="org.example.apitests.courier.LoginCourierTests" time="0.287"/>
  <testcase name="loginCourierIncorrectPasswordParamIsFailed" classname="org.example.apitests.courier.LoginCourierTests" time="0.288"/>
  <testcase name="loginCourierIsSuccess" classname="org.example.apitests.courier.LoginCourierTests" time="0.329"/>
  <testcase name="loginCourierMissingAllParamsIsFailed" classname="org.example.apitests.courier.LoginCourierTests" time="0.277"/>
  <testcase name="loginCourierIncorrectLoginParamIsFailed" classname="org.example.apitests.courier.LoginCourierTests" time="0.299"/>
  <testcase name="loginCourierMissingLoginParamIsFailed" classname="org.example.apitests.courier.LoginCourierTests" time="0.268"/>
</testsuite>